[2019-02-16 13:44:48.213] [exthost] [info] extension host started
[2019-02-16 13:44:48.238] [exthost] [info] ExtensionService#_doActivateExtension vscode.debug-auto-launch {"startup":true,"activationEvent":"*"}
[2019-02-16 13:44:48.238] [exthost] [info] ExtensionService#loadCommonJSModule /opt/visual-studio-code/resources/app/extensions/debug-auto-launch/dist/extension
[2019-02-16 13:44:48.243] [exthost] [info] ExtensionService#_doActivateExtension vscode.emmet {"startup":true,"activationEvent":"*"}
[2019-02-16 13:44:48.243] [exthost] [info] ExtensionService#loadCommonJSModule /opt/visual-studio-code/resources/app/extensions/emmet/dist/extension
[2019-02-16 13:44:48.262] [exthost] [info] ExtensionService#_doActivateExtension vscode.git {"startup":true,"activationEvent":"*"}
[2019-02-16 13:44:48.262] [exthost] [info] ExtensionService#loadCommonJSModule /opt/visual-studio-code/resources/app/extensions/git/dist/main
[2019-02-16 13:44:48.386] [exthost] [info] ExtensionService#_doActivateExtension vscode.merge-conflict {"startup":true,"activationEvent":"*"}
[2019-02-16 13:44:48.386] [exthost] [info] ExtensionService#loadCommonJSModule /opt/visual-studio-code/resources/app/extensions/merge-conflict/dist/extension
[2019-02-16 13:44:48.392] [exthost] [info] ExtensionService#_doActivateExtension dbaeumer.vscode-eslint {"startup":true,"activationEvent":"*"}
[2019-02-16 13:44:48.392] [exthost] [info] ExtensionService#loadCommonJSModule /home/domi/.vscode/extensions/dbaeumer.vscode-eslint-1.8.0/client/out/extension
[2019-02-16 13:44:48.457] [exthost] [info] ExtensionService#_doActivateExtension formulahendry.auto-close-tag {"startup":true,"activationEvent":"*"}
[2019-02-16 13:44:48.457] [exthost] [info] ExtensionService#loadCommonJSModule /home/domi/.vscode/extensions/formulahendry.auto-close-tag-0.5.6/out/src/extension
[2019-02-16 13:44:48.459] [exthost] [info] ExtensionService#_doActivateExtension formulahendry.auto-rename-tag {"startup":true,"activationEvent":"*"}
[2019-02-16 13:44:48.459] [exthost] [info] ExtensionService#loadCommonJSModule /home/domi/.vscode/extensions/formulahendry.auto-rename-tag-0.0.15/out/src/extension
[2019-02-16 13:44:48.461] [exthost] [info] ExtensionService#_doActivateExtension vscode.configuration-editing {"startup":false,"activationEvent":"onLanguage:json"}
[2019-02-16 13:44:48.461] [exthost] [info] ExtensionService#loadCommonJSModule /opt/visual-studio-code/resources/app/extensions/configuration-editing/dist/extension
[2019-02-16 13:44:48.470] [exthost] [info] ExtensionService#_doActivateExtension vscode.extension-editing {"startup":false,"activationEvent":"onLanguage:json"}
[2019-02-16 13:44:48.470] [exthost] [info] ExtensionService#loadCommonJSModule /opt/visual-studio-code/resources/app/extensions/extension-editing/dist/extension
[2019-02-16 13:44:48.519] [exthost] [info] ExtensionService#_doActivateExtension vscode.json-language-features {"startup":false,"activationEvent":"onLanguage:json"}
[2019-02-16 13:44:48.519] [exthost] [info] ExtensionService#loadCommonJSModule /opt/visual-studio-code/resources/app/extensions/json-language-features/client/dist/jsonMain
[2019-02-16 13:44:48.594] [exthost] [info] ExtensionService#_doActivateExtension vscode.npm {"startup":false,"activationEvent":"onLanguage:json"}
[2019-02-16 13:44:48.594] [exthost] [info] ExtensionService#loadCommonJSModule /opt/visual-studio-code/resources/app/extensions/npm/dist/main
[2019-02-16 13:44:48.615] [exthost] [info] eager extensions activated
[2019-02-16 13:44:59.068] [exthost] [info] extension host started
[2019-02-16 13:44:59.131] [exthost] [info] ExtensionService#_doActivateExtension vscode.debug-auto-launch {"startup":true,"activationEvent":"*"}
[2019-02-16 13:44:59.131] [exthost] [info] ExtensionService#loadCommonJSModule /opt/visual-studio-code/resources/app/extensions/debug-auto-launch/dist/extension
[2019-02-16 13:44:59.137] [exthost] [info] ExtensionService#_doActivateExtension vscode.emmet {"startup":true,"activationEvent":"*"}
[2019-02-16 13:44:59.137] [exthost] [info] ExtensionService#loadCommonJSModule /opt/visual-studio-code/resources/app/extensions/emmet/dist/extension
[2019-02-16 13:44:59.167] [exthost] [info] ExtensionService#_doActivateExtension vscode.git {"startup":true,"activationEvent":"*"}
[2019-02-16 13:44:59.167] [exthost] [info] ExtensionService#loadCommonJSModule /opt/visual-studio-code/resources/app/extensions/git/dist/main
[2019-02-16 13:44:59.348] [exthost] [info] ExtensionService#_doActivateExtension vscode.merge-conflict {"startup":true,"activationEvent":"*"}
[2019-02-16 13:44:59.348] [exthost] [info] ExtensionService#loadCommonJSModule /opt/visual-studio-code/resources/app/extensions/merge-conflict/dist/extension
[2019-02-16 13:44:59.355] [exthost] [info] ExtensionService#_doActivateExtension dbaeumer.vscode-eslint {"startup":true,"activationEvent":"*"}
[2019-02-16 13:44:59.355] [exthost] [info] ExtensionService#loadCommonJSModule /home/domi/.vscode/extensions/dbaeumer.vscode-eslint-1.8.0/client/out/extension
[2019-02-16 13:44:59.423] [exthost] [info] ExtensionService#_doActivateExtension formulahendry.auto-close-tag {"startup":true,"activationEvent":"*"}
[2019-02-16 13:44:59.423] [exthost] [info] ExtensionService#loadCommonJSModule /home/domi/.vscode/extensions/formulahendry.auto-close-tag-0.5.6/out/src/extension
[2019-02-16 13:44:59.425] [exthost] [info] ExtensionService#_doActivateExtension formulahendry.auto-rename-tag {"startup":true,"activationEvent":"*"}
[2019-02-16 13:44:59.425] [exthost] [info] ExtensionService#loadCommonJSModule /home/domi/.vscode/extensions/formulahendry.auto-rename-tag-0.0.15/out/src/extension
[2019-02-16 13:44:59.428] [exthost] [info] eager extensions activated
